<?xml version="1.0" encoding="UTF-8"?>
<!-- Generated by org.testng.reporters.JUnitXMLReporter -->
<testsuite ignored="0" hostname="INLEN8520069361" failures="1" tests="1" name="Test1" time="5.739" errors="0" timestamp="2024-01-28T22:51:54 IST">
  <testcase classname="com.testng.selenium.GreenKartProject.SelectTenthItem" name="@AfterMethod validateItems" time="0.0">
    <failure type="java.lang.NullPointerException" message="Cannot invoke &amp;quot;org.openqa.selenium.WebDriver.findElement(org.openqa.selenium.By)&amp;quot; because &amp;quot;this.driver&amp;quot; is null">
      <![CDATA[java.lang.NullPointerException: Cannot invoke "org.openqa.selenium.WebDriver.findElement(org.openqa.selenium.By)" because "this.driver" is null
at PageObject.ElementObjects.SelectsItem(ElementObjects.java:44)
at com.testng.selenium.GreenKartProject.SelectTenthItem.validateItems(SelectTenthItem.java:48)
at java.base/java.util.ArrayList.forEach(ArrayList.java:1511)
... Removed 32 stack frames]]>
    </failure>
  </testcase> <!-- @AfterMethod validateItems -->
  <testcase classname="com.testng.selenium.GreenKartProject.SelectTenthItem" name="@AfterTest tearDown" time="-1.706462514756E9">
    <skipped/>
  </testcase> <!-- @AfterTest tearDown -->
  <testcase classname="com.testng.selenium.GreenKartProject.SelectTenthItem" name="addCartItem" time="0.008">
    <failure type="java.lang.NullPointerException" message="Cannot invoke &amp;quot;org.openqa.selenium.WebDriver.findElement(org.openqa.selenium.By)&amp;quot; because &amp;quot;this.driver&amp;quot; is null">
      <![CDATA[java.lang.NullPointerException: Cannot invoke "org.openqa.selenium.WebDriver.findElement(org.openqa.selenium.By)" because "this.driver" is null
at PageObject.ElementObjects.clickaddcart(ElementObjects.java:35)
at com.testng.selenium.GreenKartProject.SelectTenthItem.addCartItem(SelectTenthItem.java:41)
at java.base/java.util.ArrayList.forEach(ArrayList.java:1511)
... Removed 27 stack frames]]>
    </failure>
  </testcase> <!-- addCartItem -->
</testsuite> <!-- Test1 -->
