<?xml version="1.0" encoding="UTF-8"?>
<!-- Generated by org.testng.reporters.JUnitXMLReporter -->
<testsuite ignored="0" hostname="INLEN8520069361" failures="1" tests="1" name="Test2" time="3.634" errors="0" timestamp="2024-01-28T22:51:58 IST">
  <testcase classname="com.testng.selenium.GreenKartProject.SelectMultipleItem" name="@AfterMethod validateItems" time="0.0">
    <failure type="java.lang.NullPointerException" message="Cannot invoke &amp;quot;org.openqa.selenium.WebDriver.findElement(org.openqa.selenium.By)&amp;quot; because &amp;quot;this.driver&amp;quot; is null">
      <![CDATA[java.lang.NullPointerException: Cannot invoke "org.openqa.selenium.WebDriver.findElement(org.openqa.selenium.By)" because "this.driver" is null
at PageObject.ElementObjects.ValidateItem(ElementObjects.java:106)
at com.testng.selenium.GreenKartProject.SelectMultipleItem.validateItems(SelectMultipleItem.java:47)
at java.base/java.util.ArrayList.forEach(ArrayList.java:1511)
... Removed 32 stack frames]]>
    </failure>
  </testcase> <!-- @AfterMethod validateItems -->
  <testcase classname="com.testng.selenium.GreenKartProject.SelectMultipleItem" name="@AfterTest tearDown" time="-1.70646251844E9">
    <skipped/>
  </testcase> <!-- @AfterTest tearDown -->
  <testcase classname="com.testng.selenium.GreenKartProject.SelectMultipleItem" name="addMultipleItems" time="0.003">
    <failure type="java.lang.NullPointerException" message="Cannot invoke &amp;quot;org.openqa.selenium.WebDriver.findElement(org.openqa.selenium.By)&amp;quot; because &amp;quot;this.driver&amp;quot; is null">
      <![CDATA[java.lang.NullPointerException: Cannot invoke "org.openqa.selenium.WebDriver.findElement(org.openqa.selenium.By)" because "this.driver" is null
at PageObject.ElementObjects.clicksearch(ElementObjects.java:83)
at com.testng.selenium.GreenKartProject.SelectMultipleItem.addMultipleItems(SelectMultipleItem.java:37)
at java.base/java.util.ArrayList.forEach(ArrayList.java:1511)
... Removed 27 stack frames]]>
    </failure>
  </testcase> <!-- addMultipleItems -->
</testsuite> <!-- Test2 -->
