<?xml version="1.0" encoding="UTF-8"?>
<!-- Generated by org.testng.reporters.JUnitXMLReporter -->
<testsuite ignored="0" hostname="INLEN8520069361" failures="0" tests="3" name="Default test" time="3.508" errors="0" timestamp="2023-12-15T22:18:47 IST">
  <testcase classname="DynamicJson.LibraryAPI" name="addBook" time="3.006"/>
  <testcase classname="DynamicJson.LibraryAPI" name="addBook" time="0.223"/>
  <testcase classname="DynamicJson.LibraryAPI" name="addBook" time="0.213"/>
</testsuite> <!-- Default test -->
