<?xml version="1.0" encoding="UTF-8"?>
<testng-results ignored="0" total="3" passed="3" failed="0" skipped="0">
  <reporter-output>
  </reporter-output>
  <suite started-at="2023-12-15T22:18:44 IST" name="Default suite" finished-at="2023-12-15T22:18:47 IST" duration-ms="3508">
    <groups>
    </groups>
    <test started-at="2023-12-15T22:18:44 IST" name="Default test" finished-at="2023-12-15T22:18:47 IST" duration-ms="3508">
      <class name="DynamicJson.LibraryAPI">
        <test-method signature="addBook(java.lang.String,java.lang.String)[pri:0, instance:DynamicJson.LibraryAPI@58695725]" started-at="2023-12-15T22:18:44 IST" name="addBook" data-provider="BooksData" finished-at="2023-12-15T22:18:47 IST" duration-ms="3006" status="PASS">
          <params>
            <param index="0">
              <value>
                <![CDATA[234]]>
              </value>
            </param>
            <param index="1">
              <value>
                <![CDATA[abc]]>
              </value>
            </param>
          </params>
          <reporter-output>
          </reporter-output>
        </test-method> <!-- addBook -->
        <test-method signature="addBook(java.lang.String,java.lang.String)[pri:0, instance:DynamicJson.LibraryAPI@58695725]" started-at="2023-12-15T22:18:47 IST" name="addBook" data-provider="BooksData" finished-at="2023-12-15T22:18:47 IST" duration-ms="223" status="PASS">
          <params>
            <param index="0">
              <value>
                <![CDATA[897]]>
              </value>
            </param>
            <param index="1">
              <value>
                <![CDATA[oil]]>
              </value>
            </param>
          </params>
          <reporter-output>
          </reporter-output>
        </test-method> <!-- addBook -->
        <test-method signature="addBook(java.lang.String,java.lang.String)[pri:0, instance:DynamicJson.LibraryAPI@58695725]" started-at="2023-12-15T22:18:47 IST" name="addBook" data-provider="BooksData" finished-at="2023-12-15T22:18:47 IST" duration-ms="213" status="PASS">
          <params>
            <param index="0">
              <value>
                <![CDATA[098]]>
              </value>
            </param>
            <param index="1">
              <value>
                <![CDATA[fhj]]>
              </value>
            </param>
          </params>
          <reporter-output>
          </reporter-output>
        </test-method> <!-- addBook -->
      </class> <!-- DynamicJson.LibraryAPI -->
    </test> <!-- Default test -->
  </suite> <!-- Default suite -->
</testng-results>
