<?xml version="1.0" encoding="UTF-8"?>
<testng-results ignored="0" total="1" passed="1" failed="0" skipped="0">
  <reporter-output>
  </reporter-output>
  <suite started-at="2024-01-30T14:30:37 IST" name="Default suite" finished-at="2024-01-30T14:30:42 IST" duration-ms="5204">
    <groups>
    </groups>
    <test started-at="2024-01-30T14:30:37 IST" name="Default test" finished-at="2024-01-30T14:30:42 IST" duration-ms="5204">
      <class name="com.testng.selenium.GreenKartProject.FlightBooking">
        <test-method is-config="true" signature="initDriver()[pri:0, instance:com.testng.selenium.GreenKartProject.FlightBooking@b40bb6e]" started-at="2024-01-30T14:30:37 IST" name="initDriver" finished-at="2024-01-30T14:30:37 IST" duration-ms="124" status="PASS">
          <reporter-output>
          </reporter-output>
        </test-method> <!-- initDriver -->
        <test-method is-config="true" signature="openBrowser()[pri:0, instance:com.testng.selenium.GreenKartProject.FlightBooking@b40bb6e]" started-at="2024-01-30T14:30:37 IST" name="openBrowser" finished-at="2024-01-30T14:30:38 IST" duration-ms="945" status="PASS">
          <reporter-output>
          </reporter-output>
        </test-method> <!-- openBrowser -->
        <test-method signature="FlighBook()[pri:0, instance:com.testng.selenium.GreenKartProject.FlightBooking@b40bb6e]" started-at="2024-01-30T14:30:38 IST" name="FlighBook" finished-at="2024-01-30T14:30:42 IST" duration-ms="3825" status="PASS">
          <reporter-output>
          </reporter-output>
        </test-method> <!-- FlighBook -->
        <test-method is-config="true" signature="validateItems()[pri:0, instance:com.testng.selenium.GreenKartProject.FlightBooking@b40bb6e]" started-at="2024-01-30T14:30:42 IST" name="validateItems" finished-at="2024-01-30T14:30:42 IST" duration-ms="14" status="PASS">
          <reporter-output>
          </reporter-output>
        </test-method> <!-- validateItems -->
        <test-method is-config="true" signature="tearDown()[pri:0, instance:com.testng.selenium.GreenKartProject.FlightBooking@b40bb6e]" started-at="2024-01-30T14:30:42 IST" name="tearDown" finished-at="2024-01-30T14:30:42 IST" duration-ms="265" status="PASS">
          <reporter-output>
          </reporter-output>
        </test-method> <!-- tearDown -->
      </class> <!-- com.testng.selenium.GreenKartProject.FlightBooking -->
    </test> <!-- Default test -->
  </suite> <!-- Default suite -->
</testng-results>
